<?xml version="1.0" encoding="UTF-8"?>
<!-- Generated by org.testng.reporters.JUnitReportReporter -->
<testsuite hostname="DESKTOP-E1S6CDV" failures="0" tests="3" name="com.testng.dataprovider.excel.FaceBookTesting" time="12.785" errors="0" timestamp="2023-11-12T13:51:35 IST" skipped="0">
  <testcase classname="com.testng.dataprovider.excel.FaceBookTesting" name="TestLogin" time="4.098"/>
  <system-out/>
  <testcase classname="com.testng.dataprovider.excel.FaceBookTesting" name="TestLogin" time="4.070"/>
  <system-out/>
  <testcase classname="com.testng.dataprovider.excel.FaceBookTesting" name="TestLogin" time="4.617"/>
  <system-out/>
</testsuite> <!-- com.testng.dataprovider.excel.FaceBookTesting -->
