<?xml version="1.0" encoding="UTF-8"?>
<!-- Generated by org.testng.reporters.JUnitReportReporter -->
<testsuite hostname="DESKTOP-E1S6CDV" failures="0" tests="1" name="com.live.demo.Demo1" time="3.131" errors="0" timestamp="2023-11-11T22:19:36 IST" skipped="0">
  <testcase classname="com.live.demo.Demo1" name="displayMethod" time="3.131"/>
  <system-out/>
</testsuite> <!-- com.live.demo.Demo1 -->
