<?xml version="1.0" encoding="UTF-8"?>
<!-- Generated by org.testng.reporters.JUnitReportReporter -->
<testsuite hostname="DESKTOP-E1S6CDV" failures="0" tests="4" name="com.testng.dataprovider.excel.AmazonSiteTesting" time="97.401" errors="0" timestamp="2023-11-14T21:48:06 IST" skipped="0">
  <testcase classname="com.testng.dataprovider.excel.AmazonSiteTesting" name="TestLogin" time="24.085"/>
  <system-out/>
  <testcase classname="com.testng.dataprovider.excel.AmazonSiteTesting" name="TestLogin" time="22.675"/>
  <system-out/>
  <testcase classname="com.testng.dataprovider.excel.AmazonSiteTesting" name="TestLogin" time="25.710"/>
  <system-out/>
  <testcase classname="com.testng.dataprovider.excel.AmazonSiteTesting" name="TestLogin" time="24.931"/>
  <system-out/>
</testsuite> <!-- com.testng.dataprovider.excel.AmazonSiteTesting -->
