<?xml version="1.0" encoding="UTF-8"?>
<!-- Generated by org.testng.reporters.JUnitReportReporter -->
<testsuite hostname="DESKTOP-E1S6CDV" failures="0" tests="1" name="com.testng.dataprovider.excel.Demo1" time="9.071" errors="0" timestamp="2023-11-14T16:56:53 IST" skipped="0">
  <testcase classname="com.testng.dataprovider.excel.Demo1" name="wrapData" time="9.071"/>
  <system-out/>
</testsuite> <!-- com.testng.dataprovider.excel.Demo1 -->
