<?xml version="1.0" encoding="UTF-8"?>
<!-- Generated by org.testng.reporters.JUnitReportReporter -->
<testsuite hostname="DESKTOP-E1S6CDV" failures="0" tests="4" name="com.testng.dataprovider.excel.AmazonSiteTesting" time="94.674" errors="0" timestamp="2023-11-16T00:55:55 IST" skipped="0">
  <testcase classname="com.testng.dataprovider.excel.AmazonSiteTesting" name="TestLogin" time="22.953"/>
  <system-out/>
  <testcase classname="com.testng.dataprovider.excel.AmazonSiteTesting" name="TestLogin" time="23.398"/>
  <system-out/>
  <testcase classname="com.testng.dataprovider.excel.AmazonSiteTesting" name="TestLogin" time="24.617"/>
  <system-out/>
  <testcase classname="com.testng.dataprovider.excel.AmazonSiteTesting" name="TestLogin" time="23.706"/>
  <system-out/>
</testsuite> <!-- com.testng.dataprovider.excel.AmazonSiteTesting -->
